<?xml version="1.0" encoding="UTF-8"?>
<!-- Generated by org.testng.reporters.JUnitReportReporter -->
<testsuite skipped="0" hostname="AUL-DEV-03" name="testsuites.login_test" tests="3" failures="0" timestamp="2021-12-02T22:58:26 PST" time="12.095" errors="0">
  <testcase name="welcomePage" time="8.477" classname="testsuites.login_test"/>
  <system-out/>
  <testcase name="loggedIn" time="3.210" classname="testsuites.login_test"/>
  <system-out/>
  <testcase name="logout1" time="0.408" classname="testsuites.login_test"/>
  <system-out/>
</testsuite> <!-- testsuites.login_test -->
